#
# There is insufficient memory for the Java Runtime Environment to continue.
# Native memory allocation (malloc) failed to allocate 554240 bytes for Chunk::new
# Possible reasons:
#   The system is out of physical RAM or swap space
#   The process is running with CompressedOops enabled, and the Java Heap may be blocking the growth of the native heap
# Possible solutions:
#   Reduce memory load on the system
#   Increase physical memory or swap space
#   Check if swap backing store is full
#   Decrease Java heap size (-Xmx/-Xms)
#   Decrease number of Java threads
#   Decrease Java thread stack sizes (-Xss)
#   Set larger code cache with -XX:ReservedCodeCacheSize=
#   JVM is running with Unscaled Compressed Oops mode in which the Java heap is
#     placed in the first 4GB address space. The Java Heap base address is the
#     maximum limit for the native heap growth. Please use -XX:HeapBaseMinAddress
#     to set the Java Heap base and to place the Java Heap above 4GB virtual address.
# This output file may be truncated or incomplete.
#
#  Out of Memory Error (arena.cpp:191), pid=12920, tid=3424
#
# JRE version: OpenJDK Runtime Environment Temurin-17.0.9+9 (17.0.9+9) (build 17.0.9+9)
# Java VM: OpenJDK 64-Bit Server VM Temurin-17.0.9+9 (17.0.9+9, mixed mode, sharing, tiered, compressed oops, compressed class ptrs, g1 gc, windows-amd64)
# No core dump will be written. Minidumps are not enabled by default on client versions of Windows
#

---------------  S U M M A R Y ------------

Command Line: org.gradle.launcher.GradleMain -Dorg.gradle.jvmargs=-Xmx4096m --stop

Host: 11th Gen Intel(R) Core(TM) i3-1115G4 @ 3.00GHz, 4 cores, 7G,  Windows 11 , 64 bit Build 22621 (10.0.22621.5262)
Time: Sun May 11 17:11:56 2025 India Standard Time elapsed time: 0.300534 seconds (0d 0h 0m 0s)

---------------  T H R E A D  ---------------

Current thread (0x000001b4d725c620):  JavaThread "C2 CompilerThread0" daemon [_thread_in_native, id=3424, stack(0x00000066f3100000,0x00000066f3200000)]


Current CompileTask:
C2:    300  359       4       java.util.HashMap::putVal (300 bytes)

Stack: [0x00000066f3100000,0x00000066f3200000]
Native frames: (J=compiled Java code, j=interpreted, Vv=VM code, C=native code)
V  [jvm.dll+0x67cf49]
V  [jvm.dll+0x83478a]
V  [jvm.dll+0x83624e]
V  [jvm.dll+0x8368b3]
V  [jvm.dll+0x247f1f]
V  [jvm.dll+0xac43c]
V  [jvm.dll+0xaca8c]
V  [jvm.dll+0x367067]
V  [jvm.dll+0x3313ba]
V  [jvm.dll+0x33085a]
V  [jvm.dll+0x21a5b1]
V  [jvm.dll+0x2199d1]
V  [jvm.dll+0x1a57cd]
V  [jvm.dll+0x2297ae]
V  [jvm.dll+0x22797c]
V  [jvm.dll+0x7e9877]
V  [jvm.dll+0x7e3c3a]
V  [jvm.dll+0x67be35]
C  [ucrtbase.dll+0x29333]
C  [KERNEL32.DLL+0x1259d]
C  [ntdll.dll+0x5af58]


---------------  P R O C E S S  ---------------

Threads class SMR info:
_java_thread_list=0x000001b4d74572f0, length=12, elements={
0x000001b4b997eb60, 0x000001b4d7239310, 0x000001b4d7239be0, 0x000001b4d7252730,
0x000001b4d7253000, 0x000001b4d72558e0, 0x000001b4d72571c0, 0x000001b4d725c620,
0x000001b4d725f9a0, 0x000001b4d7274210, 0x000001b4d74adfe0, 0x000001b4d74d2d40
}

Java Threads: ( => current thread )
  0x000001b4b997eb60 JavaThread "main" [_thread_in_native, id=15556, stack(0x00000066f2400000,0x00000066f2500000)]
  0x000001b4d7239310 JavaThread "Reference Handler" daemon [_thread_blocked, id=11660, stack(0x00000066f2b00000,0x00000066f2c00000)]
  0x000001b4d7239be0 JavaThread "Finalizer" daemon [_thread_blocked, id=11284, stack(0x00000066f2c00000,0x00000066f2d00000)]
  0x000001b4d7252730 JavaThread "Signal Dispatcher" daemon [_thread_blocked, id=12460, stack(0x00000066f2d00000,0x00000066f2e00000)]
  0x000001b4d7253000 JavaThread "Attach Listener" daemon [_thread_blocked, id=13304, stack(0x00000066f2e00000,0x00000066f2f00000)]
  0x000001b4d72558e0 JavaThread "Service Thread" daemon [_thread_blocked, id=5152, stack(0x00000066f2f00000,0x00000066f3000000)]
  0x000001b4d72571c0 JavaThread "Monitor Deflation Thread" daemon [_thread_blocked, id=22564, stack(0x00000066f3000000,0x00000066f3100000)]
=>0x000001b4d725c620 JavaThread "C2 CompilerThread0" daemon [_thread_in_native, id=3424, stack(0x00000066f3100000,0x00000066f3200000)]
  0x000001b4d725f9a0 JavaThread "C1 CompilerThread0" daemon [_thread_blocked, id=9564, stack(0x00000066f3200000,0x00000066f3300000)]
  0x000001b4d7274210 JavaThread "Sweeper thread" daemon [_thread_blocked, id=7944, stack(0x00000066f3300000,0x00000066f3400000)]
  0x000001b4d74adfe0 JavaThread "Notification Thread" daemon [_thread_blocked, id=3564, stack(0x00000066f3400000,0x00000066f3500000)]
  0x000001b4d74d2d40 JavaThread "Common-Cleaner" daemon [_thread_blocked, id=15152, stack(0x00000066f3600000,0x00000066f3700000)]

Other Threads:
  0x000001b4d7232ea0 VMThread "VM Thread" [stack: 0x00000066f2a00000,0x00000066f2b00000] [id=20168]
  0x000001b4d74ce4d0 WatcherThread [stack: 0x00000066f3500000,0x00000066f3600000] [id=17872]
  0x000001b4b99d5e00 GCTaskThread "GC Thread#0" [stack: 0x00000066f2500000,0x00000066f2600000] [id=8996]
  0x000001b4b99e6020 ConcurrentGCThread "G1 Main Marker" [stack: 0x00000066f2600000,0x00000066f2700000] [id=13348]
  0x000001b4b99e6850 ConcurrentGCThread "G1 Conc#0" [stack: 0x00000066f2700000,0x00000066f2800000] [id=22568]
  0x000001b4d70e20b0 ConcurrentGCThread "G1 Refine#0" [stack: 0x00000066f2800000,0x00000066f2900000] [id=18840]
  0x000001b4d70e28f0 ConcurrentGCThread "G1 Service" [stack: 0x00000066f2900000,0x00000066f2a00000] [id=19404]

Threads with active compile tasks:
C2 CompilerThread0      320  359       4       java.util.HashMap::putVal (300 bytes)
C1 CompilerThread0      320  426       3       java.util.Collections$SetFromMap::remove (19 bytes)

VM state: not at safepoint (normal execution)

VM Mutex/Monitor currently owned by a thread: None

Heap address: 0x0000000085a00000, size: 1958 MB, Compressed Oops mode: 32-bit

CDS archive(s) mapped at: [0x000001b4d8000000-0x000001b4d8ba0000-0x000001b4d8ba0000), size 12189696, SharedBaseAddress: 0x000001b4d8000000, ArchiveRelocationMode: 1.
Compressed class space mapped at: 0x000001b4d9000000-0x000001b519000000, reserved size: 1073741824
Narrow klass base: 0x000001b4d8000000, Narrow klass shift: 0, Narrow klass range: 0x100000000

GC Precious Log:
 CPUs: 4 total, 4 available
 Memory: 7831M
 Large Page Support: Disabled
 NUMA Support: Disabled
 Compressed Oops: Enabled (32-bit)
 Heap Region Size: 1M
 Heap Min Capacity: 8M
 Heap Initial Capacity: 124M
 Heap Max Capacity: 1958M
 Pre-touch: Disabled
 Parallel Workers: 4
 Concurrent Workers: 1
 Concurrent Refinement Workers: 4
 Periodic GC: Disabled

Heap:
 garbage-first heap   total 126976K, used 10240K [0x0000000085a00000, 0x0000000100000000)
  region size 1024K, 11 young (11264K), 0 survivors (0K)
 Metaspace       used 863K, committed 1024K, reserved 1114112K
  class space    used 65K, committed 128K, reserved 1048576K

Heap Regions: E=young(eden), S=young(survivor), O=old, HS=humongous(starts), HC=humongous(continues), CS=collection set, F=free, OA=open archive, CA=closed archive, TAMS=top-at-mark-start (previous, next)
|   0|0x0000000085a00000, 0x0000000085a00000, 0x0000000085b00000|  0%| F|  |TAMS 0x0000000085a00000, 0x0000000085a00000| Untracked 
|   1|0x0000000085b00000, 0x0000000085b00000, 0x0000000085c00000|  0%| F|  |TAMS 0x0000000085b00000, 0x0000000085b00000| Untracked 
|   2|0x0000000085c00000, 0x0000000085c00000, 0x0000000085d00000|  0%| F|  |TAMS 0x0000000085c00000, 0x0000000085c00000| Untracked 
|   3|0x0000000085d00000, 0x0000000085d00000, 0x0000000085e00000|  0%| F|  |TAMS 0x0000000085d00000, 0x0000000085d00000| Untracked 
|   4|0x0000000085e00000, 0x0000000085e00000, 0x0000000085f00000|  0%| F|  |TAMS 0x0000000085e00000, 0x0000000085e00000| Untracked 
|   5|0x0000000085f00000, 0x0000000085f00000, 0x0000000086000000|  0%| F|  |TAMS 0x0000000085f00000, 0x0000000085f00000| Untracked 
|   6|0x0000000086000000, 0x0000000086000000, 0x0000000086100000|  0%| F|  |TAMS 0x0000000086000000, 0x0000000086000000| Untracked 
|   7|0x0000000086100000, 0x0000000086100000, 0x0000000086200000|  0%| F|  |TAMS 0x0000000086100000, 0x0000000086100000| Untracked 
|   8|0x0000000086200000, 0x0000000086200000, 0x0000000086300000|  0%| F|  |TAMS 0x0000000086200000, 0x0000000086200000| Untracked 
|   9|0x0000000086300000, 0x0000000086300000, 0x0000000086400000|  0%| F|  |TAMS 0x0000000086300000, 0x0000000086300000| Untracked 
|  10|0x0000000086400000, 0x0000000086400000, 0x0000000086500000|  0%| F|  |TAMS 0x0000000086400000, 0x0000000086400000| Untracked 
|  11|0x0000000086500000, 0x0000000086500000, 0x0000000086600000|  0%| F|  |TAMS 0x0000000086500000, 0x0000000086500000| Untracked 
|  12|0x0000000086600000, 0x0000000086600000, 0x0000000086700000|  0%| F|  |TAMS 0x0000000086600000, 0x0000000086600000| Untracked 
|  13|0x0000000086700000, 0x0000000086700000, 0x0000000086800000|  0%| F|  |TAMS 0x0000000086700000, 0x0000000086700000| Untracked 
|  14|0x0000000086800000, 0x0000000086800000, 0x0000000086900000|  0%| F|  |TAMS 0x0000000086800000, 0x0000000086800000| Untracked 
|  15|0x0000000086900000, 0x0000000086900000, 0x0000000086a00000|  0%| F|  |TAMS 0x0000000086900000, 0x0000000086900000| Untracked 
|  16|0x0000000086a00000, 0x0000000086a00000, 0x0000000086b00000|  0%| F|  |TAMS 0x0000000086a00000, 0x0000000086a00000| Untracked 
|  17|0x0000000086b00000, 0x0000000086b00000, 0x0000000086c00000|  0%| F|  |TAMS 0x0000000086b00000, 0x0000000086b00000| Untracked 
|  18|0x0000000086c00000, 0x0000000086c00000, 0x0000000086d00000|  0%| F|  |TAMS 0x0000000086c00000, 0x0000000086c00000| Untracked 
|  19|0x0000000086d00000, 0x0000000086d00000, 0x0000000086e00000|  0%| F|  |TAMS 0x0000000086d00000, 0x0000000086d00000| Untracked 
|  20|0x0000000086e00000, 0x0000000086e00000, 0x0000000086f00000|  0%| F|  |TAMS 0x0000000086e00000, 0x0000000086e00000| Untracked 
|  21|0x0000000086f00000, 0x0000000086f00000, 0x0000000087000000|  0%| F|  |TAMS 0x0000000086f00000, 0x0000000086f00000| Untracked 
|  22|0x0000000087000000, 0x0000000087000000, 0x0000000087100000|  0%| F|  |TAMS 0x0000000087000000, 0x0000000087000000| Untracked 
|  23|0x0000000087100000, 0x0000000087100000, 0x0000000087200000|  0%| F|  |TAMS 0x0000000087100000, 0x0000000087100000| Untracked 
|  24|0x0000000087200000, 0x0000000087200000, 0x0000000087300000|  0%| F|  |TAMS 0x0000000087200000, 0x0000000087200000| Untracked 
|  25|0x0000000087300000, 0x0000000087300000, 0x0000000087400000|  0%| F|  |TAMS 0x0000000087300000, 0x0000000087300000| Untracked 
|  26|0x0000000087400000, 0x0000000087400000, 0x0000000087500000|  0%| F|  |TAMS 0x0000000087400000, 0x0000000087400000| Untracked 
|  27|0x0000000087500000, 0x0000000087500000, 0x0000000087600000|  0%| F|  |TAMS 0x0000000087500000, 0x0000000087500000| Untracked 
|  28|0x0000000087600000, 0x0000000087600000, 0x0000000087700000|  0%| F|  |TAMS 0x0000000087600000, 0x0000000087600000| Untracked 
|  29|0x0000000087700000, 0x0000000087700000, 0x0000000087800000|  0%| F|  |TAMS 0x0000000087700000, 0x0000000087700000| Untracked 
|  30|0x0000000087800000, 0x0000000087800000, 0x0000000087900000|  0%| F|  |TAMS 0x0000000087800000, 0x0000000087800000| Untracked 
|  31|0x0000000087900000, 0x0000000087900000, 0x0000000087a00000|  0%| F|  |TAMS 0x0000000087900000, 0x0000000087900000| Untracked 
|  32|0x0000000087a00000, 0x0000000087a00000, 0x0000000087b00000|  0%| F|  |TAMS 0x0000000087a00000, 0x0000000087a00000| Untracked 
|  33|0x0000000087b00000, 0x0000000087b00000, 0x0000000087c00000|  0%| F|  |TAMS 0x0000000087b00000, 0x0000000087b00000| Untracked 
|  34|0x0000000087c00000, 0x0000000087c00000, 0x0000000087d00000|  0%| F|  |TAMS 0x0000000087c00000, 0x0000000087c00000| Untracked 
|  35|0x0000000087d00000, 0x0000000087d00000, 0x0000000087e00000|  0%| F|  |TAMS 0x0000000087d00000, 0x0000000087d00000| Untracked 
|  36|0x0000000087e00000, 0x0000000087e00000, 0x0000000087f00000|  0%| F|  |TAMS 0x0000000087e00000, 0x0000000087e00000| Untracked 
|  37|0x0000000087f00000, 0x0000000087f00000, 0x0000000088000000|  0%| F|  |TAMS 0x0000000087f00000, 0x0000000087f00000| Untracked 
|  38|0x0000000088000000, 0x0000000088000000, 0x0000000088100000|  0%| F|  |TAMS 0x0000000088000000, 0x0000000088000000| Untracked 
|  39|0x0000000088100000, 0x0000000088100000, 0x0000000088200000|  0%| F|  |TAMS 0x0000000088100000, 0x0000000088100000| Untracked 
|  40|0x0000000088200000, 0x0000000088200000, 0x0000000088300000|  0%| F|  |TAMS 0x0000000088200000, 0x0000000088200000| Untracked 
|  41|0x0000000088300000, 0x0000000088300000, 0x0000000088400000|  0%| F|  |TAMS 0x0000000088300000, 0x0000000088300000| Untracked 
|  42|0x0000000088400000, 0x0000000088400000, 0x0000000088500000|  0%| F|  |TAMS 0x0000000088400000, 0x0000000088400000| Untracked 
|  43|0x0000000088500000, 0x0000000088500000, 0x0000000088600000|  0%| F|  |TAMS 0x0000000088500000, 0x0000000088500000| Untracked 
|  44|0x0000000088600000, 0x0000000088600000, 0x0000000088700000|  0%| F|  |TAMS 0x0000000088600000, 0x0000000088600000| Untracked 
|  45|0x0000000088700000, 0x0000000088700000, 0x0000000088800000|  0%| F|  |TAMS 0x0000000088700000, 0x0000000088700000| Untracked 
|  46|0x0000000088800000, 0x0000000088800000, 0x0000000088900000|  0%| F|  |TAMS 0x0000000088800000, 0x0000000088800000| Untracked 
|  47|0x0000000088900000, 0x0000000088900000, 0x0000000088a00000|  0%| F|  |TAMS 0x0000000088900000, 0x0000000088900000| Untracked 
|  48|0x0000000088a00000, 0x0000000088a00000, 0x0000000088b00000|  0%| F|  |TAMS 0x0000000088a00000, 0x0000000088a00000| Untracked 
|  49|0x0000000088b00000, 0x0000000088b00000, 0x0000000088c00000|  0%| F|  |TAMS 0x0000000088b00000, 0x0000000088b00000| Untracked 
|  50|0x0000000088c00000, 0x0000000088c00000, 0x0000000088d00000|  0%| F|  |TAMS 0x0000000088c00000, 0x0000000088c00000| Untracked 
|  51|0x0000000088d00000, 0x0000000088d00000, 0x0000000088e00000|  0%| F|  |TAMS 0x0000000088d00000, 0x0000000088d00000| Untracked 
|  52|0x0000000088e00000, 0x0000000088e00000, 0x0000000088f00000|  0%| F|  |TAMS 0x0000000088e00000, 0x0000000088e00000| Untracked 
|  53|0x0000000088f00000, 0x0000000088f00000, 0x0000000089000000|  0%| F|  |TAMS 0x0000000088f00000, 0x0000000088f00000| Untracked 
|  54|0x0000000089000000, 0x0000000089000000, 0x0000000089100000|  0%| F|  |TAMS 0x0000000089000000, 0x0000000089000000| Untracked 
|  55|0x0000000089100000, 0x0000000089100000, 0x0000000089200000|  0%| F|  |TAMS 0x0000000089100000, 0x0000000089100000| Untracked 
|  56|0x0000000089200000, 0x0000000089200000, 0x0000000089300000|  0%| F|  |TAMS 0x0000000089200000, 0x0000000089200000| Untracked 
|  57|0x0000000089300000, 0x0000000089300000, 0x0000000089400000|  0%| F|  |TAMS 0x0000000089300000, 0x0000000089300000| Untracked 
|  58|0x0000000089400000, 0x0000000089400000, 0x0000000089500000|  0%| F|  |TAMS 0x0000000089400000, 0x0000000089400000| Untracked 
|  59|0x0000000089500000, 0x0000000089500000, 0x0000000089600000|  0%| F|  |TAMS 0x0000000089500000, 0x0000000089500000| Untracked 
|  60|0x0000000089600000, 0x0000000089600000, 0x0000000089700000|  0%| F|  |TAMS 0x0000000089600000, 0x0000000089600000| Untracked 
|  61|0x0000000089700000, 0x0000000089700000, 0x0000000089800000|  0%| F|  |TAMS 0x0000000089700000, 0x0000000089700000| Untracked 
|  62|0x0000000089800000, 0x0000000089800000, 0x0000000089900000|  0%| F|  |TAMS 0x0000000089800000, 0x0000000089800000| Untracked 
|  63|0x0000000089900000, 0x0000000089900000, 0x0000000089a00000|  0%| F|  |TAMS 0x0000000089900000, 0x0000000089900000| Untracked 
|  64|0x0000000089a00000, 0x0000000089a00000, 0x0000000089b00000|  0%| F|  |TAMS 0x0000000089a00000, 0x0000000089a00000| Untracked 
|  65|0x0000000089b00000, 0x0000000089b00000, 0x0000000089c00000|  0%| F|  |TAMS 0x0000000089b00000, 0x0000000089b00000| Untracked 
|  66|0x0000000089c00000, 0x0000000089c00000, 0x0000000089d00000|  0%| F|  |TAMS 0x0000000089c00000, 0x0000000089c00000| Untracked 
|  67|0x0000000089d00000, 0x0000000089d00000, 0x0000000089e00000|  0%| F|  |TAMS 0x0000000089d00000, 0x0000000089d00000| Untracked 
|  68|0x0000000089e00000, 0x0000000089e00000, 0x0000000089f00000|  0%| F|  |TAMS 0x0000000089e00000, 0x0000000089e00000| Untracked 
|  69|0x0000000089f00000, 0x0000000089f00000, 0x000000008a000000|  0%| F|  |TAMS 0x0000000089f00000, 0x0000000089f00000| Untracked 
|  70|0x000000008a000000, 0x000000008a000000, 0x000000008a100000|  0%| F|  |TAMS 0x000000008a000000, 0x000000008a000000| Untracked 
|  71|0x000000008a100000, 0x000000008a100000, 0x000000008a200000|  0%| F|  |TAMS 0x000000008a100000, 0x000000008a100000| Untracked 
|  72|0x000000008a200000, 0x000000008a200000, 0x000000008a300000|  0%| F|  |TAMS 0x000000008a200000, 0x000000008a200000| Untracked 
|  73|0x000000008a300000, 0x000000008a300000, 0x000000008a400000|  0%| F|  |TAMS 0x000000008a300000, 0x000000008a300000| Untracked 
|  74|0x000000008a400000, 0x000000008a400000, 0x000000008a500000|  0%| F|  |TAMS 0x000000008a400000, 0x000000008a400000| Untracked 
|  75|0x000000008a500000, 0x000000008a500000, 0x000000008a600000|  0%| F|  |TAMS 0x000000008a500000, 0x000000008a500000| Untracked 
|  76|0x000000008a600000, 0x000000008a600000, 0x000000008a700000|  0%| F|  |TAMS 0x000000008a600000, 0x000000008a600000| Untracked 
|  77|0x000000008a700000, 0x000000008a700000, 0x000000008a800000|  0%| F|  |TAMS 0x000000008a700000, 0x000000008a700000| Untracked 
|  78|0x000000008a800000, 0x000000008a800000, 0x000000008a900000|  0%| F|  |TAMS 0x000000008a800000, 0x000000008a800000| Untracked 
|  79|0x000000008a900000, 0x000000008a900000, 0x000000008aa00000|  0%| F|  |TAMS 0x000000008a900000, 0x000000008a900000| Untracked 
|  80|0x000000008aa00000, 0x000000008aa00000, 0x000000008ab00000|  0%| F|  |TAMS 0x000000008aa00000, 0x000000008aa00000| Untracked 
|  81|0x000000008ab00000, 0x000000008ab00000, 0x000000008ac00000|  0%| F|  |TAMS 0x000000008ab00000, 0x000000008ab00000| Untracked 
|  82|0x000000008ac00000, 0x000000008ac00000, 0x000000008ad00000|  0%| F|  |TAMS 0x000000008ac00000, 0x000000008ac00000| Untracked 
|  83|0x000000008ad00000, 0x000000008ad00000, 0x000000008ae00000|  0%| F|  |TAMS 0x000000008ad00000, 0x000000008ad00000| Untracked 
|  84|0x000000008ae00000, 0x000000008ae00000, 0x000000008af00000|  0%| F|  |TAMS 0x000000008ae00000, 0x000000008ae00000| Untracked 
|  85|0x000000008af00000, 0x000000008af00000, 0x000000008b000000|  0%| F|  |TAMS 0x000000008af00000, 0x000000008af00000| Untracked 
|  86|0x000000008b000000, 0x000000008b000000, 0x000000008b100000|  0%| F|  |TAMS 0x000000008b000000, 0x000000008b000000| Untracked 
|  87|0x000000008b100000, 0x000000008b100000, 0x000000008b200000|  0%| F|  |TAMS 0x000000008b100000, 0x000000008b100000| Untracked 
|  88|0x000000008b200000, 0x000000008b200000, 0x000000008b300000|  0%| F|  |TAMS 0x000000008b200000, 0x000000008b200000| Untracked 
|  89|0x000000008b300000, 0x000000008b300000, 0x000000008b400000|  0%| F|  |TAMS 0x000000008b300000, 0x000000008b300000| Untracked 
|  90|0x000000008b400000, 0x000000008b400000, 0x000000008b500000|  0%| F|  |TAMS 0x000000008b400000, 0x000000008b400000| Untracked 
|  91|0x000000008b500000, 0x000000008b500000, 0x000000008b600000|  0%| F|  |TAMS 0x000000008b500000, 0x000000008b500000| Untracked 
|  92|0x000000008b600000, 0x000000008b600000, 0x000000008b700000|  0%| F|  |TAMS 0x000000008b600000, 0x000000008b600000| Untracked 
|  93|0x000000008b700000, 0x000000008b700000, 0x000000008b800000|  0%| F|  |TAMS 0x000000008b700000, 0x000000008b700000| Untracked 
|  94|0x000000008b800000, 0x000000008b800000, 0x000000008b900000|  0%| F|  |TAMS 0x000000008b800000, 0x000000008b800000| Untracked 
|  95|0x000000008b900000, 0x000000008b900000, 0x000000008ba00000|  0%| F|  |TAMS 0x000000008b900000, 0x000000008b900000| Untracked 
|  96|0x000000008ba00000, 0x000000008ba00000, 0x000000008bb00000|  0%| F|  |TAMS 0x000000008ba00000, 0x000000008ba00000| Untracked 
|  97|0x000000008bb00000, 0x000000008bb00000, 0x000000008bc00000|  0%| F|  |TAMS 0x000000008bb00000, 0x000000008bb00000| Untracked 
|  98|0x000000008bc00000, 0x000000008bc00000, 0x000000008bd00000|  0%| F|  |TAMS 0x000000008bc00000, 0x000000008bc00000| Untracked 
|  99|0x000000008bd00000, 0x000000008bd00000, 0x000000008be00000|  0%| F|  |TAMS 0x000000008bd00000, 0x000000008bd00000| Untracked 
| 100|0x000000008be00000, 0x000000008be00000, 0x000000008bf00000|  0%| F|  |TAMS 0x000000008be00000, 0x000000008be00000| Untracked 
| 101|0x000000008bf00000, 0x000000008bf00000, 0x000000008c000000|  0%| F|  |TAMS 0x000000008bf00000, 0x000000008bf00000| Untracked 
| 102|0x000000008c000000, 0x000000008c000000, 0x000000008c100000|  0%| F|  |TAMS 0x000000008c000000, 0x000000008c000000| Untracked 
| 103|0x000000008c100000, 0x000000008c100000, 0x000000008c200000|  0%| F|  |TAMS 0x000000008c100000, 0x000000008c100000| Untracked 
| 104|0x000000008c200000, 0x000000008c200000, 0x000000008c300000|  0%| F|  |TAMS 0x000000008c200000, 0x000000008c200000| Untracked 
| 105|0x000000008c300000, 0x000000008c300000, 0x000000008c400000|  0%| F|  |TAMS 0x000000008c300000, 0x000000008c300000| Untracked 
| 106|0x000000008c400000, 0x000000008c400000, 0x000000008c500000|  0%| F|  |TAMS 0x000000008c400000, 0x000000008c400000| Untracked 
| 107|0x000000008c500000, 0x000000008c500000, 0x000000008c600000|  0%| F|  |TAMS 0x000000008c500000, 0x000000008c500000| Untracked 
| 108|0x000000008c600000, 0x000000008c600000, 0x000000008c700000|  0%| F|  |TAMS 0x000000008c600000, 0x000000008c600000| Untracked 
| 109|0x000000008c700000, 0x000000008c700000, 0x000000008c800000|  0%| F|  |TAMS 0x000000008c700000, 0x000000008c700000| Untracked 
| 110|0x000000008c800000, 0x000000008c800000, 0x000000008c900000|  0%| F|  |TAMS 0x000000008c800000, 0x000000008c800000| Untracked 
| 111|0x000000008c900000, 0x000000008c900000, 0x000000008ca00000|  0%| F|  |TAMS 0x000000008c900000, 0x000000008c900000| Untracked 
| 112|0x000000008ca00000, 0x000000008ca00000, 0x000000008cb00000|  0%| F|  |TAMS 0x000000008ca00000, 0x000000008ca00000| Untracked 
| 113|0x000000008cb00000, 0x000000008cba6448, 0x000000008cc00000| 64%| E|  |TAMS 0x000000008cb00000, 0x000000008cb00000| Complete 
| 114|0x000000008cc00000, 0x000000008cd00000, 0x000000008cd00000|100%| E|CS|TAMS 0x000000008cc00000, 0x000000008cc00000| Complete 
| 115|0x000000008cd00000, 0x000000008ce00000, 0x000000008ce00000|100%| E|CS|TAMS 0x000000008cd00000, 0x000000008cd00000| Complete 
| 116|0x000000008ce00000, 0x000000008cf00000, 0x000000008cf00000|100%| E|CS|TAMS 0x000000008ce00000, 0x000000008ce00000| Complete 
| 117|0x000000008cf00000, 0x000000008d000000, 0x000000008d000000|100%| E|CS|TAMS 0x000000008cf00000, 0x000000008cf00000| Complete 
| 118|0x000000008d000000, 0x000000008d100000, 0x000000008d100000|100%| E|CS|TAMS 0x000000008d000000, 0x000000008d000000| Complete 
| 119|0x000000008d100000, 0x000000008d200000, 0x000000008d200000|100%| E|CS|TAMS 0x000000008d100000, 0x000000008d100000| Complete 
| 120|0x000000008d200000, 0x000000008d300000, 0x000000008d300000|100%| E|CS|TAMS 0x000000008d200000, 0x000000008d200000| Complete 
| 121|0x000000008d300000, 0x000000008d400000, 0x000000008d400000|100%| E|CS|TAMS 0x000000008d300000, 0x000000008d300000| Complete 
| 122|0x000000008d400000, 0x000000008d500000, 0x000000008d500000|100%| E|CS|TAMS 0x000000008d400000, 0x000000008d400000| Complete 
| 123|0x000000008d500000, 0x000000008d600000, 0x000000008d600000|100%| E|CS|TAMS 0x000000008d500000, 0x000000008d500000| Complete 

Card table byte_map: [0x000001b4d0870000,0x000001b4d0c50000] _byte_map_base: 0x000001b4d0443000

Marking Bits (Prev, Next): (CMBitMap*) 0x000001b4b99d6230, (CMBitMap*) 0x000001b4b99d6270
 Prev Bits: [0x000001b4d1030000, 0x000001b4d2ec8000)
 Next Bits: [0x000001b4d2ed0000, 0x000001b4d4d68000)

Polling page: 0x000001b4b7970000

Metaspace:

Usage:
  Non-class:    805.09 KB used.
      Class:     66.31 KB used.
       Both:    871.40 KB used.

Virtual space:
  Non-class space:       64.00 MB reserved,     896.00 KB (  1%) committed,  1 nodes.
      Class space:        1.00 GB reserved,     128.00 KB ( <1%) committed,  1 nodes.
             Both:        1.06 GB reserved,       1.00 MB ( <1%) committed. 

Chunk freelists:
   Non-Class:  11.80 MB
       Class:  15.70 MB
        Both:  27.50 MB

MaxMetaspaceSize: unlimited
CompressedClassSpaceSize: 1.00 GB
Initial GC threshold: 21.00 MB
Current GC threshold: 21.00 MB
CDS: on
MetaspaceReclaimPolicy: balanced
 - commit_granule_bytes: 65536.
 - commit_granule_words: 8192.
 - virtual_space_node_default_size: 8388608.
 - enlarge_chunks_in_place: 1.
 - new_chunks_are_fully_committed: 0.
 - uncommit_free_chunks: 1.
 - use_allocation_guard: 0.
 - handle_deallocations: 1.


Internal statistics:

num_allocs_failed_limit: 0.
num_arena_births: 12.
num_arena_deaths: 0.
num_vsnodes_births: 2.
num_vsnodes_deaths: 0.
num_space_committed: 16.
num_space_uncommitted: 0.
num_chunks_returned_to_freelist: 0.
num_chunks_taken_from_freelist: 34.
num_chunk_merges: 0.
num_chunk_splits: 18.
num_chunks_enlarged: 10.
num_inconsistent_stats: 0.

CodeHeap 'non-profiled nmethods': size=120000Kb used=127Kb max_used=127Kb free=119872Kb
 bounds [0x000001b4c8f60000, 0x000001b4c91d0000, 0x000001b4d0490000]
CodeHeap 'profiled nmethods': size=120000Kb used=620Kb max_used=620Kb free=119379Kb
 bounds [0x000001b4c1490000, 0x000001b4c1700000, 0x000001b4c89c0000]
CodeHeap 'non-nmethods': size=5760Kb used=1110Kb max_used=1124Kb free=4650Kb
 bounds [0x000001b4c89c0000, 0x000001b4c8c30000, 0x000001b4c8f60000]
 total_blobs=795 nmethods=423 adapters=285
 compilation: enabled
              stopped_count=0, restarted_count=0
 full_count=0

Compilation events (20 events):
Event: 0.292 Thread 0x000001b4d725f9a0  371   !   3       java.util.jar.JarFile::checkForSpecialAttributes (163 bytes)
Event: 0.293 Thread 0x000001b4d725f9a0 nmethod 371 0x000001b4c1511590 code [0x000001b4c15118c0, 0x000001b4c1512b98]
Event: 0.293 Thread 0x000001b4d725f9a0  372       1       java.security.CodeSource::getLocationNoFragString (5 bytes)
Event: 0.293 Thread 0x000001b4d725f9a0 nmethod 372 0x000001b4c8f7d210 code [0x000001b4c8f7d3a0, 0x000001b4c8f7d478]
Event: 0.293 Thread 0x000001b4d725f9a0  373   !   3       java.util.jar.JarFile::isMultiRelease (33 bytes)
Event: 0.293 Thread 0x000001b4d725f9a0 nmethod 373 0x000001b4c1513390 code [0x000001b4c1513540, 0x000001b4c1513748]
Event: 0.294 Thread 0x000001b4d725f9a0  375       3       jdk.internal.misc.Unsafe::allocateUninitializedArray (55 bytes)
Event: 0.294 Thread 0x000001b4d725f9a0 nmethod 375 0x000001b4c1513810 code [0x000001b4c1513a00, 0x000001b4c1513e78]
Event: 0.296 Thread 0x000001b4d725f9a0  377       3       java.net.URI$Parser::at (23 bytes)
Event: 0.296 Thread 0x000001b4d725f9a0 nmethod 377 0x000001b4c1514010 code [0x000001b4c1514200, 0x000001b4c1514838]
Event: 0.296 Thread 0x000001b4d725f9a0  378       3       java.net.URI$Parser::scan (76 bytes)
Event: 0.297 Thread 0x000001b4d725f9a0 nmethod 378 0x000001b4c1514b10 code [0x000001b4c1514d40, 0x000001b4c15155d8]
Event: 0.297 Thread 0x000001b4d725f9a0  381       3       java.lang.String::replace (42 bytes)
Event: 0.297 Thread 0x000001b4d725f9a0 nmethod 381 0x000001b4c1515990 code [0x000001b4c1515b60, 0x000001b4c1515e98]
Event: 0.298 Thread 0x000001b4d725f9a0  382       1       java.net.URL::getHost (5 bytes)
Event: 0.298 Thread 0x000001b4d725f9a0 nmethod 382 0x000001b4c8f7d510 code [0x000001b4c8f7d6a0, 0x000001b4c8f7d778]
Event: 0.298 Thread 0x000001b4d725f9a0  383       1       java.net.URI::getScheme (5 bytes)
Event: 0.298 Thread 0x000001b4d725f9a0 nmethod 383 0x000001b4c8f7d810 code [0x000001b4c8f7d9a0, 0x000001b4c8f7da78]
Event: 0.299 Thread 0x000001b4d725f9a0  384       3       java.lang.Class::getName (18 bytes)
Event: 0.299 Thread 0x000001b4d725f9a0 nmethod 384 0x000001b4c1515f90 code [0x000001b4c1516140, 0x000001b4c15162c8]

GC Heap History (0 events):
No events

Dll operation events (6 events):
Event: 0.006 Loaded shared library C:\Program Files\Unity\Hub\Editor\6000.0.40f1\Editor\Data\PlaybackEngines\AndroidPlayer\OpenJDK\bin\java.dll
Event: 0.025 Loaded shared library C:\Program Files\Unity\Hub\Editor\6000.0.40f1\Editor\Data\PlaybackEngines\AndroidPlayer\OpenJDK\bin\jsvml.dll
Event: 0.056 Loaded shared library C:\Program Files\Unity\Hub\Editor\6000.0.40f1\Editor\Data\PlaybackEngines\AndroidPlayer\OpenJDK\bin\net.dll
Event: 0.059 Loaded shared library C:\Program Files\Unity\Hub\Editor\6000.0.40f1\Editor\Data\PlaybackEngines\AndroidPlayer\OpenJDK\bin\nio.dll
Event: 0.066 Loaded shared library C:\Program Files\Unity\Hub\Editor\6000.0.40f1\Editor\Data\PlaybackEngines\AndroidPlayer\OpenJDK\bin\zip.dll
Event: 0.286 Loaded shared library C:\Program Files\Unity\Hub\Editor\6000.0.40f1\Editor\Data\PlaybackEngines\AndroidPlayer\OpenJDK\bin\jimage.dll

Deoptimization events (20 events):
Event: 0.164 Thread 0x000001b4b997eb60 DEOPT PACKING pc=0x000001b4c14b643e sp=0x00000066f24fe020
Event: 0.164 Thread 0x000001b4b997eb60 DEOPT UNPACKING pc=0x000001b4c8a1ace3 sp=0x00000066f24fd498 mode 0
Event: 0.164 Thread 0x000001b4b997eb60 DEOPT PACKING pc=0x000001b4c14b643e sp=0x00000066f24fe020
Event: 0.164 Thread 0x000001b4b997eb60 DEOPT UNPACKING pc=0x000001b4c8a1ace3 sp=0x00000066f24fd498 mode 0
Event: 0.164 Thread 0x000001b4b997eb60 DEOPT PACKING pc=0x000001b4c14b643e sp=0x00000066f24fe020
Event: 0.164 Thread 0x000001b4b997eb60 DEOPT UNPACKING pc=0x000001b4c8a1ace3 sp=0x00000066f24fd498 mode 0
Event: 0.171 Thread 0x000001b4b997eb60 DEOPT PACKING pc=0x000001b4c14b78fe sp=0x00000066f24fdd20
Event: 0.171 Thread 0x000001b4b997eb60 DEOPT UNPACKING pc=0x000001b4c8a1ace3 sp=0x00000066f24fd190 mode 0
Event: 0.171 Thread 0x000001b4b997eb60 DEOPT PACKING pc=0x000001b4c14b78fe sp=0x00000066f24fdd20
Event: 0.171 Thread 0x000001b4b997eb60 DEOPT UNPACKING pc=0x000001b4c8a1ace3 sp=0x00000066f24fd190 mode 0
Event: 0.173 Thread 0x000001b4b997eb60 DEOPT PACKING pc=0x000001b4c14b78fe sp=0x00000066f24fdd20
Event: 0.173 Thread 0x000001b4b997eb60 DEOPT UNPACKING pc=0x000001b4c8a1ace3 sp=0x00000066f24fd190 mode 0
Event: 0.174 Thread 0x000001b4b997eb60 DEOPT PACKING pc=0x000001b4c14b78fe sp=0x00000066f24fdd20
Event: 0.174 Thread 0x000001b4b997eb60 DEOPT UNPACKING pc=0x000001b4c8a1ace3 sp=0x00000066f24fd190 mode 0
Event: 0.174 Thread 0x000001b4b997eb60 DEOPT PACKING pc=0x000001b4c14b78fe sp=0x00000066f24fdd20
Event: 0.174 Thread 0x000001b4b997eb60 DEOPT UNPACKING pc=0x000001b4c8a1ace3 sp=0x00000066f24fd190 mode 0
Event: 0.208 Thread 0x000001b4b997eb60 DEOPT PACKING pc=0x000001b4c14c2472 sp=0x00000066f24fdba0
Event: 0.208 Thread 0x000001b4b997eb60 DEOPT UNPACKING pc=0x000001b4c8a1ace3 sp=0x00000066f24fd060 mode 0
Event: 0.214 Thread 0x000001b4b997eb60 DEOPT PACKING pc=0x000001b4c14c2472 sp=0x00000066f24fde70
Event: 0.214 Thread 0x000001b4b997eb60 DEOPT UNPACKING pc=0x000001b4c8a1ace3 sp=0x00000066f24fd330 mode 0

Classes unloaded (0 events):
No events

Classes redefined (0 events):
No events

Internal exceptions (1 events):
Event: 0.094 Thread 0x000001b4b997eb60 Exception <a 'java/lang/NoSuchMethodError'{0x000000008d4ee910}: 'int java.lang.invoke.DirectMethodHandle$Holder.invokeStaticInit(java.lang.Object, java.lang.Object)'> (0x000000008d4ee910) 
thrown [s\src\hotspot\share\interpreter\linkResolver.cpp, line 759]

VM Operations (2 events):
Event: 0.067 Executing VM operation: HandshakeAllThreads
Event: 0.067 Executing VM operation: HandshakeAllThreads done

Events (20 events):
Event: 0.143 loading class java/util/AbstractList$Itr
Event: 0.144 loading class java/util/AbstractList$Itr done
Event: 0.145 loading class java/util/zip/ZipException
Event: 0.146 loading class java/util/zip/ZipException done
Event: 0.152 loading class java/io/Reader
Event: 0.152 loading class java/io/Reader done
Event: 0.152 loading class java/io/InputStreamReader
Event: 0.153 loading class java/io/InputStreamReader done
Event: 0.155 loading class java/util/regex/Pattern$BnM
Event: 0.155 loading class java/util/regex/Pattern$BnM done
Event: 0.155 loading class java/util/regex/Pattern$SliceS
Event: 0.156 loading class java/util/regex/Pattern$SliceS done
Event: 0.157 loading class java/util/LinkedHashMap$LinkedKeySet
Event: 0.158 loading class java/util/LinkedHashMap$LinkedKeySet done
Event: 0.158 loading class java/util/LinkedHashMap$LinkedKeyIterator
Event: 0.159 loading class java/util/LinkedHashMap$LinkedKeyIterator done
Event: 0.161 loading class java/lang/invoke/DirectMethodHandle$Special
Event: 0.162 loading class java/lang/invoke/DirectMethodHandle$Special done
Event: 0.286 loading class jdk/internal/jimage/ImageLocation
Event: 0.287 loading class jdk/internal/jimage/ImageLocation done


Dynamic libraries:
0x00007ff6084b0000 - 0x00007ff6084be000 	C:\Program Files\Unity\Hub\Editor\6000.0.40f1\Editor\Data\PlaybackEngines\AndroidPlayer\OpenJDK\bin\java.exe
0x00007ffd5d8d0000 - 0x00007ffd5dae7000 	C:\WINDOWS\SYSTEM32\ntdll.dll
0x00007ffd5b680000 - 0x00007ffd5b744000 	C:\WINDOWS\System32\KERNEL32.DLL
0x00007ffd5ada0000 - 0x00007ffd5b173000 	C:\WINDOWS\System32\KERNELBASE.dll
0x00007ffd5ab10000 - 0x00007ffd5ac21000 	C:\WINDOWS\System32\ucrtbase.dll
0x00007ffd549e0000 - 0x00007ffd549f7000 	C:\Program Files\Unity\Hub\Editor\6000.0.40f1\Editor\Data\PlaybackEngines\AndroidPlayer\OpenJDK\bin\jli.dll
0x00007ffd4fd70000 - 0x00007ffd4fd8b000 	C:\Program Files\Unity\Hub\Editor\6000.0.40f1\Editor\Data\PlaybackEngines\AndroidPlayer\OpenJDK\bin\VCRUNTIME140.dll
0x00007ffd5d0a0000 - 0x00007ffd5d251000 	C:\WINDOWS\System32\USER32.dll
0x00007ffd40aa0000 - 0x00007ffd40d3b000 	C:\WINDOWS\WinSxS\amd64_microsoft.windows.common-controls_6595b64144ccf1df_6.0.22621.5262_none_2712bde373830908\COMCTL32.dll
0x00007ffd5b180000 - 0x00007ffd5b1a6000 	C:\WINDOWS\System32\win32u.dll
0x00007ffd5d600000 - 0x00007ffd5d6a7000 	C:\WINDOWS\System32\msvcrt.dll
0x00007ffd5d6b0000 - 0x00007ffd5d6d9000 	C:\WINDOWS\System32\GDI32.dll
0x00007ffd5b1b0000 - 0x00007ffd5b2d2000 	C:\WINDOWS\System32\gdi32full.dll
0x00007ffd5b4d0000 - 0x00007ffd5b56a000 	C:\WINDOWS\System32\msvcp_win.dll
0x00007ffd5d260000 - 0x00007ffd5d291000 	C:\WINDOWS\System32\IMM32.DLL
0x00007ffd54e00000 - 0x00007ffd54e0c000 	C:\Program Files\Unity\Hub\Editor\6000.0.40f1\Editor\Data\PlaybackEngines\AndroidPlayer\OpenJDK\bin\vcruntime140_1.dll
0x00007ffd251f0000 - 0x00007ffd2527d000 	C:\Program Files\Unity\Hub\Editor\6000.0.40f1\Editor\Data\PlaybackEngines\AndroidPlayer\OpenJDK\bin\msvcp140.dll
0x00007ffcbd180000 - 0x00007ffcbdde1000 	C:\Program Files\Unity\Hub\Editor\6000.0.40f1\Editor\Data\PlaybackEngines\AndroidPlayer\OpenJDK\bin\server\jvm.dll
0x00007ffd5c1a0000 - 0x00007ffd5c251000 	C:\WINDOWS\System32\ADVAPI32.dll
0x00007ffd5bc70000 - 0x00007ffd5bd17000 	C:\WINDOWS\System32\sechost.dll
0x00007ffd5acb0000 - 0x00007ffd5acd8000 	C:\WINDOWS\System32\bcrypt.dll
0x00007ffd5d770000 - 0x00007ffd5d884000 	C:\WINDOWS\System32\RPCRT4.dll
0x00007ffd39670000 - 0x00007ffd39679000 	C:\WINDOWS\SYSTEM32\WSOCK32.dll
0x00007ffd5a300000 - 0x00007ffd5a34d000 	C:\WINDOWS\SYSTEM32\POWRPROF.dll
0x00007ffd5d350000 - 0x00007ffd5d3c1000 	C:\WINDOWS\System32\WS2_32.dll
0x00007ffd54410000 - 0x00007ffd54444000 	C:\WINDOWS\SYSTEM32\WINMM.dll
0x00007ffd4c870000 - 0x00007ffd4c87a000 	C:\WINDOWS\SYSTEM32\VERSION.dll
0x00007ffd5a2e0000 - 0x00007ffd5a2f3000 	C:\WINDOWS\SYSTEM32\UMPDC.dll
0x00007ffd599d0000 - 0x00007ffd599e8000 	C:\WINDOWS\SYSTEM32\kernel.appcore.dll
0x00007ffd51570000 - 0x00007ffd5157a000 	C:\Program Files\Unity\Hub\Editor\6000.0.40f1\Editor\Data\PlaybackEngines\AndroidPlayer\OpenJDK\bin\jimage.dll
0x00007ffd58310000 - 0x00007ffd58542000 	C:\WINDOWS\SYSTEM32\DBGHELP.DLL
0x00007ffd5b840000 - 0x00007ffd5bbd3000 	C:\WINDOWS\System32\combase.dll
0x00007ffd5b750000 - 0x00007ffd5b827000 	C:\WINDOWS\System32\OLEAUT32.dll
0x00007ffd320d0000 - 0x00007ffd32102000 	C:\WINDOWS\SYSTEM32\dbgcore.DLL
0x00007ffd5b450000 - 0x00007ffd5b4cb000 	C:\WINDOWS\System32\bcryptPrimitives.dll
0x00007ffd4e300000 - 0x00007ffd4e325000 	C:\Program Files\Unity\Hub\Editor\6000.0.40f1\Editor\Data\PlaybackEngines\AndroidPlayer\OpenJDK\bin\java.dll
0x00007ffd1c590000 - 0x00007ffd1c667000 	C:\Program Files\Unity\Hub\Editor\6000.0.40f1\Editor\Data\PlaybackEngines\AndroidPlayer\OpenJDK\bin\jsvml.dll
0x00007ffd5c800000 - 0x00007ffd5d09d000 	C:\WINDOWS\System32\SHELL32.dll
0x00007ffd5a9d0000 - 0x00007ffd5ab0f000 	C:\WINDOWS\System32\wintypes.dll
0x00007ffd588c0000 - 0x00007ffd591dd000 	C:\WINDOWS\SYSTEM32\windows.storage.dll
0x00007ffd5c300000 - 0x00007ffd5c40b000 	C:\WINDOWS\System32\SHCORE.dll
0x00007ffd5c730000 - 0x00007ffd5c796000 	C:\WINDOWS\System32\shlwapi.dll
0x00007ffd5a900000 - 0x00007ffd5a92b000 	C:\WINDOWS\SYSTEM32\profapi.dll
0x00007ffd4e2e0000 - 0x00007ffd4e2f9000 	C:\Program Files\Unity\Hub\Editor\6000.0.40f1\Editor\Data\PlaybackEngines\AndroidPlayer\OpenJDK\bin\net.dll
0x00007ffd574c0000 - 0x00007ffd575ec000 	C:\WINDOWS\SYSTEM32\WINHTTP.dll
0x00007ffd59e40000 - 0x00007ffd59eaa000 	C:\WINDOWS\system32\mswsock.dll
0x00007ffd4d4b0000 - 0x00007ffd4d4c6000 	C:\Program Files\Unity\Hub\Editor\6000.0.40f1\Editor\Data\PlaybackEngines\AndroidPlayer\OpenJDK\bin\nio.dll
0x00007ffd4d490000 - 0x00007ffd4d4a8000 	C:\Program Files\Unity\Hub\Editor\6000.0.40f1\Editor\Data\PlaybackEngines\AndroidPlayer\OpenJDK\bin\zip.dll

dbghelp: loaded successfully - version: 4.0.5 - missing functions: none
symbol engine: initialized successfully - sym options: 0x614 - pdb path: .;C:\Program Files\Unity\Hub\Editor\6000.0.40f1\Editor\Data\PlaybackEngines\AndroidPlayer\OpenJDK\bin;C:\WINDOWS\SYSTEM32;C:\WINDOWS\WinSxS\amd64_microsoft.windows.common-controls_6595b64144ccf1df_6.0.22621.5262_none_2712bde373830908;C:\Program Files\Unity\Hub\Editor\6000.0.40f1\Editor\Data\PlaybackEngines\AndroidPlayer\OpenJDK\bin\server

VM Arguments:
java_command: org.gradle.launcher.GradleMain -Dorg.gradle.jvmargs=-Xmx4096m --stop
java_class_path (initial): C:\Program Files\Unity\Hub\Editor\6000.0.40f1\Editor\Data\PlaybackEngines\AndroidPlayer\Tools\gradle\lib\gradle-launcher-8.4.jar
Launcher Type: SUN_STANDARD

[Global flags]
     intx CICompilerCount                          = 3                                         {product} {ergonomic}
     uint ConcGCThreads                            = 1                                         {product} {ergonomic}
     uint G1ConcRefinementThreads                  = 4                                         {product} {ergonomic}
   size_t G1HeapRegionSize                         = 1048576                                   {product} {ergonomic}
    uintx GCDrainStackTargetSize                   = 64                                        {product} {ergonomic}
   size_t InitialHeapSize                          = 130023424                                 {product} {ergonomic}
   size_t MarkStackSize                            = 4194304                                   {product} {ergonomic}
   size_t MaxHeapSize                              = 2053111808                                {product} {ergonomic}
   size_t MaxNewSize                               = 1231028224                                {product} {ergonomic}
   size_t MinHeapDeltaBytes                        = 1048576                                   {product} {ergonomic}
   size_t MinHeapSize                              = 8388608                                   {product} {ergonomic}
    uintx NonNMethodCodeHeapSize                   = 5832780                                {pd product} {ergonomic}
    uintx NonProfiledCodeHeapSize                  = 122912730                              {pd product} {ergonomic}
    uintx ProfiledCodeHeapSize                     = 122912730                              {pd product} {ergonomic}
    uintx ReservedCodeCacheSize                    = 251658240                              {pd product} {ergonomic}
     bool SegmentedCodeCache                       = true                                      {product} {ergonomic}
   size_t SoftMaxHeapSize                          = 2053111808                             {manageable} {ergonomic}
     bool UseCompressedClassPointers               = true                           {product lp64_product} {ergonomic}
     bool UseCompressedOops                        = true                           {product lp64_product} {ergonomic}
     bool UseG1GC                                  = true                                      {product} {ergonomic}
     bool UseLargePagesIndividualAllocation        = false                                  {pd product} {ergonomic}

Logging:
Log output configuration:
 #0: stdout all=warning uptime,level,tags
 #1: stderr all=off uptime,level,tags

Environment Variables:
JAVA_HOME=C:\Program Files\Unity\Hub\Editor\6000.0.40f1\Editor\Data\PlaybackEngines\AndroidPlayer\OpenJDK
PATH=C:\Program Files (x86)\Common Files\Oracle\Java\java8path;C:\Program Files (x86)\Common Files\Oracle\Java\javapath;C:\Python312\Scripts\;C:\Python312\;C:\Program Files\Microsoft\jdk-11.0.16.101-hotspot\bin;C:\WINDOWS\system32;C:\WINDOWS;C:\WINDOWS\System32\Wbem;C:\WINDOWS\System32\WindowsPowerShell\v1.0\;C:\WINDOWS\System32\OpenSSH\;C:\Program Files\Git\cmd;C:\Program Files\Microsoft VS Code\bin;C:\MinGW\bin;C:\Program Files\Git LFS;C:\Program Files\dotnet\;C:\Program Files\nodejs\;C:\ProgramData\chocolatey\bin;%JAVA_HOME%\bin;C:\Program Files\NVIDIA GPU Computing Toolkit\CUDA\v12.2\bin\\..\extras\CUPTI\lib64;C:\Program Files\NVIDIA GPU Computing Toolkit\CUDA\v12.2\bin;C:\Program Files\NVIDIA GPU Computing Toolkit\CUDA\v12.2\libnvvp;C:\Program Files\Microsoft\jdk-11.0.16.101-hotspot\bin;C:\WINDOWS\system32;C:\WINDOWS;C:\WINDOWS\System32\Wbem;C:\WINDOWS\System32\WindowsPowerShell\v1.0\;C:\WINDOWS\System32\OpenSSH\;C:\Program Files\Git\cmd;C:\Program Files\NVIDIA Corporation\Nsight Compute 2023.2.0\;C:\Program Files (x86)\NVIDIA Corporation\PhysX\Common;C:\Users\HP\AppData\Local\Programs\Python\Python310\Scripts\;C:\Users\HP\AppData\Local\Programs\Python\Python310\;C:\Users\HP\AppData\Local\Microsoft\WindowsApps;C:\Users\HP\AppData\Local\JetBrains\Toolbox\scripts;C:\Users\HP\AppData\Local\Programs\Microsoft VS Code\bin;C:\Users\HP\AppData\Local\GitHubDesktop\bin;C:\Users\HP\AppData\Roaming\npm
USERNAME=HP
OS=Windows_NT
PROCESSOR_IDENTIFIER=Intel64 Family 6 Model 140 Stepping 1, GenuineIntel
TMP=C:\Users\HP\AppData\Local\Temp
TEMP=C:\Users\HP\AppData\Local\Temp



Periodic native trim disabled


---------------  S Y S T E M  ---------------

OS:
 Windows 11 , 64 bit Build 22621 (10.0.22621.5262)
OS uptime: 2 days 5:05 hours
Hyper-V role detected

CPU: total 4 (initial active 4) (2 cores per cpu, 2 threads per core) family 6 model 140 stepping 1 microcode 0xb4, cx8, cmov, fxsr, ht, mmx, 3dnowpref, sse, sse2, sse3, ssse3, sse4.1, sse4.2, popcnt, lzcnt, tsc, tscinvbit, avx, avx2, aes, erms, clmul, bmi1, bmi2, adx, avx512f, avx512dq, avx512cd, avx512bw, avx512vl, sha, fma, vzeroupper, avx512_vpopcntdq, avx512_vpclmulqdq, avx512_vaes, avx512_vnni, clflush, clflushopt, clwb, avx512_vbmi2, avx512_vbmi, hv
Processor Information for all 4 processors :
  Max Mhz: 1690, Current Mhz: 1690, Mhz Limit: 1690

Memory: 4k page, system-wide physical 7831M (319M free)
TotalPageFile size 19076M (AvailPageFile size 3M)
current process WorkingSet (physical memory assigned to process): 49M, peak: 49M
current process commit charge ("private bytes"): 202M, peak: 202M

vm_info: OpenJDK 64-Bit Server VM (17.0.9+9) for windows-amd64 JRE (17.0.9+9), built on Oct 26 2023 14:01:42 by "admin" with MS VC++ 16.10 / 16.11 (VS2019)

END.
